  main.cpp
C:\Users\1z3r0\Desktop\game\2D_Roguelike\client\main.cpp(31,67): warning C4244: '인수': 'T'에서 'T'(으)로 변환하면서 데이터가 손실될 수 있습니다.
          with
          [
              T=unsigned int
          ]
          and
          [
              T=float
          ]
C:\Users\1z3r0\Desktop\game\2D_Roguelike\client\main.cpp(31,47): warning C4244: '인수': 'T'에서 'T'(으)로 변환하면서 데이터가 손실될 수 있습니다.
          with
          [
              T=unsigned int
          ]
          and
          [
              T=float
          ]
C:\Users\1z3r0\Desktop\game\2D_Roguelike\client\main.cpp(67,52): warning C4305: '인수': 'double'에서 'T'(으)로 잘립니다.
          with
          [
              T=float
          ]
C:\Users\1z3r0\Desktop\game\2D_Roguelike\client\main.cpp(161,47): warning C4305: '인수': 'double'에서 'T'(으)로 잘립니다.
          with
          [
              T=float
          ]
C:\Users\1z3r0\Desktop\game\2D_Roguelike\client\main.cpp(185,69): warning C4244: '인수': 'int'에서 'float'(으)로 변환하면서 데이터가 손실될 수 있습니다.
C:\Users\1z3r0\Desktop\game\2D_Roguelike\client\main.cpp(185,53): warning C4244: '인수': 'int'에서 'float'(으)로 변환하면서 데이터가 손실될 수 있습니다.
C:\Users\1z3r0\Desktop\game\2D_Roguelike\client\main.cpp(189,83): warning C4244: '인수': 'int'에서 'float'(으)로 변환하면서 데이터가 손실될 수 있습니다.
C:\Users\1z3r0\Desktop\game\2D_Roguelike\client\main.cpp(189,53): warning C4244: '인수': 'int'에서 'float'(으)로 변환하면서 데이터가 손실될 수 있습니다.
C:\Users\1z3r0\Desktop\game\2D_Roguelike\client\main.cpp(193,67): warning C4244: '인수': 'int'에서 'float'(으)로 변환하면서 데이터가 손실될 수 있습니다.
C:\Users\1z3r0\Desktop\game\2D_Roguelike\client\main.cpp(193,40): warning C4244: '인수': 'int'에서 'float'(으)로 변환하면서 데이터가 손실될 수 있습니다.
C:\Users\1z3r0\Desktop\game\2D_Roguelike\client\main.cpp(197,83): warning C4244: '인수': 'int'에서 'float'(으)로 변환하면서 데이터가 손실될 수 있습니다.
C:\Users\1z3r0\Desktop\game\2D_Roguelike\client\main.cpp(197,54): warning C4244: '인수': 'int'에서 'float'(으)로 변환하면서 데이터가 손실될 수 있습니다.
C:\Users\1z3r0\Desktop\game\2D_Roguelike\client\main.cpp(203,92): warning C4244: '인수': 'int'에서 'float'(으)로 변환하면서 데이터가 손실될 수 있습니다.
C:\Users\1z3r0\Desktop\game\2D_Roguelike\client\main.cpp(203,86): warning C4244: '인수': 'int'에서 'float'(으)로 변환하면서 데이터가 손실될 수 있습니다.
C:\Users\1z3r0\Desktop\game\2D_Roguelike\client\main.cpp(207,106): warning C4244: '인수': 'int'에서 'float'(으)로 변환하면서 데이터가 손실될 수 있습니다.
C:\Users\1z3r0\Desktop\game\2D_Roguelike\client\main.cpp(207,86): warning C4244: '인수': 'int'에서 'float'(으)로 변환하면서 데이터가 손실될 수 있습니다.
C:\Users\1z3r0\Desktop\game\2D_Roguelike\client\main.cpp(211,90): warning C4244: '인수': 'int'에서 'float'(으)로 변환하면서 데이터가 손실될 수 있습니다.
C:\Users\1z3r0\Desktop\game\2D_Roguelike\client\main.cpp(211,71): warning C4244: '인수': 'int'에서 'float'(으)로 변환하면서 데이터가 손실될 수 있습니다.
C:\Users\1z3r0\Desktop\game\2D_Roguelike\client\main.cpp(215,106): warning C4244: '인수': 'int'에서 'float'(으)로 변환하면서 데이터가 손실될 수 있습니다.
C:\Users\1z3r0\Desktop\game\2D_Roguelike\client\main.cpp(215,87): warning C4244: '인수': 'int'에서 'float'(으)로 변환하면서 데이터가 손실될 수 있습니다.
C:\Users\1z3r0\Desktop\game\2D_Roguelike\client\main.cpp(221,96): warning C4244: '인수': 'int'에서 'float'(으)로 변환하면서 데이터가 손실될 수 있습니다.
C:\Users\1z3r0\Desktop\game\2D_Roguelike\client\main.cpp(221,90): warning C4244: '인수': 'int'에서 'float'(으)로 변환하면서 데이터가 손실될 수 있습니다.
C:\Users\1z3r0\Desktop\game\2D_Roguelike\client\main.cpp(225,110): warning C4244: '인수': 'int'에서 'float'(으)로 변환하면서 데이터가 손실될 수 있습니다.
C:\Users\1z3r0\Desktop\game\2D_Roguelike\client\main.cpp(225,90): warning C4244: '인수': 'int'에서 'float'(으)로 변환하면서 데이터가 손실될 수 있습니다.
C:\Users\1z3r0\Desktop\game\2D_Roguelike\client\main.cpp(229,94): warning C4244: '인수': 'int'에서 'float'(으)로 변환하면서 데이터가 손실될 수 있습니다.
C:\Users\1z3r0\Desktop\game\2D_Roguelike\client\main.cpp(229,75): warning C4244: '인수': 'int'에서 'float'(으)로 변환하면서 데이터가 손실될 수 있습니다.
C:\Users\1z3r0\Desktop\game\2D_Roguelike\client\main.cpp(233,110): warning C4244: '인수': 'int'에서 'float'(으)로 변환하면서 데이터가 손실될 수 있습니다.
C:\Users\1z3r0\Desktop\game\2D_Roguelike\client\main.cpp(233,91): warning C4244: '인수': 'int'에서 'float'(으)로 변환하면서 데이터가 손실될 수 있습니다.
C:\Users\1z3r0\Desktop\game\2D_Roguelike\client\main.cpp(244,100): warning C4244: '인수': 'int'에서 'float'(으)로 변환하면서 데이터가 손실될 수 있습니다.
C:\Users\1z3r0\Desktop\game\2D_Roguelike\client\main.cpp(244,94): warning C4244: '인수': 'int'에서 'float'(으)로 변환하면서 데이터가 손실될 수 있습니다.
C:\Users\1z3r0\Desktop\game\2D_Roguelike\client\main.cpp(248,118): warning C4244: '인수': 'int'에서 'float'(으)로 변환하면서 데이터가 손실될 수 있습니다.
C:\Users\1z3r0\Desktop\game\2D_Roguelike\client\main.cpp(248,94): warning C4244: '인수': 'int'에서 'float'(으)로 변환하면서 데이터가 손실될 수 있습니다.
C:\Users\1z3r0\Desktop\game\2D_Roguelike\client\main.cpp(252,98): warning C4244: '인수': 'int'에서 'float'(으)로 변환하면서 데이터가 손실될 수 있습니다.
C:\Users\1z3r0\Desktop\game\2D_Roguelike\client\main.cpp(252,79): warning C4244: '인수': 'int'에서 'float'(으)로 변환하면서 데이터가 손실될 수 있습니다.
C:\Users\1z3r0\Desktop\game\2D_Roguelike\client\main.cpp(256,118): warning C4244: '인수': 'int'에서 'float'(으)로 변환하면서 데이터가 손실될 수 있습니다.
C:\Users\1z3r0\Desktop\game\2D_Roguelike\client\main.cpp(256,99): warning C4244: '인수': 'int'에서 'float'(으)로 변환하면서 데이터가 손실될 수 있습니다.
C:\Users\1z3r0\Desktop\game\2D_Roguelike\client\main.cpp(271,117): warning C4244: '인수': 'int'에서 'float'(으)로 변환하면서 데이터가 손실될 수 있습니다.
C:\Users\1z3r0\Desktop\game\2D_Roguelike\client\main.cpp(271,92): warning C4244: '인수': 'int'에서 'float'(으)로 변환하면서 데이터가 손실될 수 있습니다.
C:\Users\1z3r0\Desktop\game\2D_Roguelike\client\main.cpp(292,111): warning C4244: '인수': 'int'에서 'float'(으)로 변환하면서 데이터가 손실될 수 있습니다.
C:\Users\1z3r0\Desktop\game\2D_Roguelike\client\main.cpp(292,73): warning C4244: '인수': 'int'에서 'float'(으)로 변환하면서 데이터가 손실될 수 있습니다.
C:\Users\1z3r0\Desktop\game\2D_Roguelike\client\main.cpp(298,127): warning C4244: '인수': 'int'에서 'float'(으)로 변환하면서 데이터가 손실될 수 있습니다.
C:\Users\1z3r0\Desktop\game\2D_Roguelike\client\main.cpp(298,98): warning C4244: '인수': 'int'에서 'float'(으)로 변환하면서 데이터가 손실될 수 있습니다.
C:\Users\1z3r0\Desktop\game\2D_Roguelike\client\main.cpp(304,112): warning C4244: '인수': 'int'에서 'float'(으)로 변환하면서 데이터가 손실될 수 있습니다.
C:\Users\1z3r0\Desktop\game\2D_Roguelike\client\main.cpp(304,74): warning C4244: '인수': 'int'에서 'float'(으)로 변환하면서 데이터가 손실될 수 있습니다.
C:\Users\1z3r0\Desktop\game\2D_Roguelike\client\main.cpp(308,128): warning C4244: '인수': 'int'에서 'float'(으)로 변환하면서 데이터가 손실될 수 있습니다.
C:\Users\1z3r0\Desktop\game\2D_Roguelike\client\main.cpp(308,99): warning C4244: '인수': 'int'에서 'float'(으)로 변환하면서 데이터가 손실될 수 있습니다.
C:\Users\1z3r0\Desktop\game\2D_Roguelike\client\main.cpp(331,130): warning C4244: '인수': 'int'에서 'float'(으)로 변환하면서 데이터가 손실될 수 있습니다.
C:\Users\1z3r0\Desktop\game\2D_Roguelike\client\main.cpp(331,102): warning C4244: '인수': 'int'에서 'float'(으)로 변환하면서 데이터가 손실될 수 있습니다.
C:\Users\1z3r0\Desktop\game\2D_Roguelike\client\main.cpp(336,131): warning C4244: '인수': 'int'에서 'float'(으)로 변환하면서 데이터가 손실될 수 있습니다.
C:\Users\1z3r0\Desktop\game\2D_Roguelike\client\main.cpp(336,103): warning C4244: '인수': 'int'에서 'float'(으)로 변환하면서 데이터가 손실될 수 있습니다.
C:\Users\1z3r0\Desktop\game\2D_Roguelike\client\main.cpp(350,131): warning C4244: '인수': 'int'에서 'float'(으)로 변환하면서 데이터가 손실될 수 있습니다.
C:\Users\1z3r0\Desktop\game\2D_Roguelike\client\main.cpp(350,97): warning C4244: '인수': 'int'에서 'float'(으)로 변환하면서 데이터가 손실될 수 있습니다.
C:\Users\1z3r0\Desktop\game\2D_Roguelike\client\main.cpp(415,81): warning C4244: '-=': 'float'에서 'int'(으)로 변환하면서 데이터가 손실될 수 있습니다.
C:\Users\1z3r0\Desktop\game\2D_Roguelike\client\main.cpp(447,65): warning C4244: '-=': 'float'에서 'int'(으)로 변환하면서 데이터가 손실될 수 있습니다.
C:\Users\1z3r0\Desktop\game\2D_Roguelike\client\main.cpp(590,84): warning C4244: '-=': 'float'에서 'int'(으)로 변환하면서 데이터가 손실될 수 있습니다.
C:\Users\1z3r0\Desktop\game\2D_Roguelike\client\main.cpp(704,95): warning C4244: '인수': 'int'에서 'float'(으)로 변환하면서 데이터가 손실될 수 있습니다.
C:\Users\1z3r0\Desktop\game\2D_Roguelike\client\main.cpp(704,59): warning C4244: '인수': 'int'에서 'float'(으)로 변환하면서 데이터가 손실될 수 있습니다.
  RPG.vcxproj -> C:\Users\1z3r0\Desktop\game\2D_Roguelike\x64\Debug\RPG.exe
